<?xml version="1.0" encoding="UTF-8"?>
<!-- Generated by org.testng.reporters.JUnitReportReporter -->
<testsuite skipped="0" hostname="DESKTOP-M01B47M" name="basictesting.Sample3" tests="3" failures="0" timestamp="02 Jan 2023 17:27:26 GMT" time="0.019" errors="0">
  <testcase name="login" time="0.001" classname="basictesting.Sample3"/>
  <testcase name="compose" time="0.016" classname="basictesting.Sample3"/>
  <testcase name="signUp" time="0.002" classname="basictesting.Sample3"/>
</testsuite> <!-- basictesting.Sample3 -->
