<?xml version="1.0" encoding="UTF-8"?>
<!-- Generated by org.testng.reporters.JUnitReportReporter -->
<testsuite skipped="0" hostname="DESKTOP-M01B47M" name="basictestng.Sample1" tests="1" failures="0" timestamp="12 Jan 2023 15:02:46 GMT" time="0.000" errors="0">
  <testcase name="testCase1" time="0.000" classname="basictestng.Sample1"/>
</testsuite> <!-- basictestng.Sample1 -->
