<?xml version="1.0" encoding="UTF-8"?>
<!-- Generated by org.testng.reporters.JUnitReportReporter -->
<testsuite skipped="0" hostname="DESKTOP-M01B47M" name="googlepages.scripts.TestGoogleSearch" tests="2" failures="0" timestamp="17 Jan 2023 10:19:34 GMT" time="74.879" errors="0">
  <testcase name="testSearchPage" time="53.227" classname="googlepages.scripts.TestGoogleSearch"/>
  <testcase name="testSuggestions" time="21.652" classname="googlepages.scripts.TestGoogleSearch"/>
</testsuite> <!-- googlepages.scripts.TestGoogleSearch -->
