<?xml version="1.0" encoding="UTF-8"?>
<!-- Generated by org.testng.reporters.JUnitReportReporter -->
<testsuite skipped="0" hostname="DESKTOP-M01B47M" name="exdentreport.ExtentDemo" tests="2" failures="0" timestamp="20 Jan 2023 12:22:31 GMT" time="51.314" errors="0">
  <testcase name="TestCase2" time="11.727" classname="exdentreport.ExtentDemo"/>
  <testcase name="TestCase1" time="39.587" classname="exdentreport.ExtentDemo"/>
</testsuite> <!-- exdentreport.ExtentDemo -->
