<?xml version="1.0" encoding="UTF-8"?>
<!-- Generated by org.testng.reporters.JUnitReportReporter -->
<testsuite skipped="0" hostname="DESKTOP-M01B47M" name="basictesting.Sample1" tests="1" failures="0" timestamp="02 Jan 2023 17:13:23 GMT" time="0.014" errors="0">
  <testcase name="testCase1" time="0.014" classname="basictesting.Sample1"/>
</testsuite> <!-- basictesting.Sample1 -->
