<?xml version="1.0" encoding="UTF-8"?>
<!-- Generated by org.testng.reporters.JUnitReportReporter -->
<testsuite skipped="0" hostname="DESKTOP-M01B47M" name="basictestng.Sample4" tests="3" failures="0" timestamp="12 Jan 2023 15:02:46 GMT" time="0.250" errors="0">
  <testcase name="a_signUp" time="0.250" classname="basictestng.Sample4"/>
  <testcase name="b_login" time="0.000" classname="basictestng.Sample4"/>
  <testcase name="c_compose" time="0.000" classname="basictestng.Sample4"/>
</testsuite> <!-- basictestng.Sample4 -->
