<?xml version="1.0" encoding="UTF-8"?>
<!-- Generated by org.testng.reporters.JUnitReportReporter -->
<testsuite skipped="0" hostname="DESKTOP-M01B47M" name="advancetestng.Parameterization" tests="4" failures="0" timestamp="12 Jan 2023 18:41:04 GMT" time="116.225" errors="0">
  <testcase name="testCaseTwo" time="0.000" classname="advancetestng.Parameterization"/>
  <testcase name="testLoginOfVtiger" time="116.203" classname="advancetestng.Parameterization"/>
  <testcase name="testCaseOne" time="0.022" classname="advancetestng.Parameterization"/>
  <testcase name="testCaseThree" time="0.000" classname="advancetestng.Parameterization"/>
</testsuite> <!-- advancetestng.Parameterization -->
