<?xml version="1.0" encoding="UTF-8"?>
<!-- Generated by org.testng.reporters.JUnitReportReporter -->
<testsuite skipped="0" hostname="DESKTOP-M01B47M" name="brokenlinks.BrokenLinkExample" tests="1" failures="0" timestamp="11 Jan 2023 17:01:59 GMT" time="155.026" errors="0">
  <testcase name="testLinks" time="155.026" classname="brokenlinks.BrokenLinkExample"/>
</testsuite> <!-- brokenlinks.BrokenLinkExample -->
