<?xml version="1.0" encoding="UTF-8"?>
<!-- Generated by org.testng.reporters.JUnitReportReporter -->
<testsuite skipped="3" hostname="DESKTOP-M01B47M" name="basictestng.ActiTime_Enabled" tests="4" failures="0" timestamp="12 Jan 2023 15:02:46 GMT" time="0.000" errors="0">
  <testcase name="OpenBrowserAndAppUrl" time="0.000" classname="basictestng.ActiTime_Enabled"/>
  <testcase name="createNewTask" classname="basictestng.ActiTime_Enabled">
    <skipped/>
  </testcase> <!-- createNewTask -->
  <testcase name="login" classname="basictestng.ActiTime_Enabled">
    <skipped/>
  </testcase> <!-- login -->
  <testcase name="logoutClose" classname="basictestng.ActiTime_Enabled">
    <skipped/>
  </testcase> <!-- logoutClose -->
</testsuite> <!-- basictestng.ActiTime_Enabled -->
