<?xml version="1.0" encoding="UTF-8"?>
<!-- Generated by org.testng.reporters.JUnitReportReporter -->
<testsuite skipped="3" hostname="DESKTOP-M01B47M" name="basictesting.ActiTime_Enabled" tests="4" failures="0" timestamp="03 Jan 2023 15:11:29 GMT" time="0.015" errors="0">
  <testcase name="OpenBrowserAndAppUrl" time="0.015" classname="basictesting.ActiTime_Enabled"/>
  <testcase name="logoutClose" classname="basictesting.ActiTime_Enabled">
    <skipped/>
  </testcase> <!-- logoutClose -->
  <testcase name="login" classname="basictesting.ActiTime_Enabled">
    <skipped/>
  </testcase> <!-- login -->
  <testcase name="createNewTask" classname="basictesting.ActiTime_Enabled">
    <skipped/>
  </testcase> <!-- createNewTask -->
</testsuite> <!-- basictesting.ActiTime_Enabled -->
