<?xml version="1.0" encoding="UTF-8"?>
<!-- Generated by org.testng.reporters.JUnitReportReporter -->
<testsuite skipped="0" hostname="DESKTOP-M01B47M" name="basictesting.Actitime_Priority" tests="4" failures="0" timestamp="03 Jan 2023 15:42:17 GMT" time="0.041" errors="0">
  <testcase name="OpenBrowserAndAppUrl" time="0.017" classname="basictesting.Actitime_Priority"/>
  <testcase name="login" time="0.007" classname="basictesting.Actitime_Priority"/>
  <testcase name="CreateTask" time="0.007" classname="basictesting.Actitime_Priority"/>
  <testcase name="logoutClose" time="0.010" classname="basictesting.Actitime_Priority"/>
</testsuite> <!-- basictesting.Actitime_Priority -->
