<?xml version="1.0" encoding="UTF-8"?>
<!-- Generated by org.testng.reporters.JUnitReportReporter -->
<testsuite skipped="0" hostname="DESKTOP-M01B47M" name="basictesting.GoogleApplicationWithBeforeAfterMethod" tests="2" failures="0" timestamp="04 Jan 2023 16:57:39 GMT" time="19.073" errors="0">
  <testcase name="testGoogleLandingPage" time="8.922" classname="basictesting.GoogleApplicationWithBeforeAfterMethod"/>
  <testcase name="testSearch" time="10.151" classname="basictesting.GoogleApplicationWithBeforeAfterMethod"/>
</testsuite> <!-- basictesting.GoogleApplicationWithBeforeAfterMethod -->
