<?xml version="1.0" encoding="UTF-8"?>
<!-- Generated by org.testng.reporters.JUnitReportReporter -->
<testsuite skipped="0" hostname="DESKTOP-M01B47M" name="basictesting.AnnotationList" tests="2" failures="0" timestamp="03 Jan 2023 16:04:15 GMT" time="0.011" errors="0">
  <testcase name="f5" time="0.003" classname="basictesting.AnnotationList"/>
  <testcase name="f05" time="0.008" classname="basictesting.AnnotationList"/>
</testsuite> <!-- basictesting.AnnotationList -->
