<?xml version="1.0" encoding="UTF-8"?>
<!-- Generated by org.testng.reporters.JUnitReportReporter -->
<testsuite skipped="0" hostname="DESKTOP-M01B47M" name="basictesting.Sample4" tests="1" failures="0" timestamp="02 Jan 2023 17:32:28 GMT" time="0.023" errors="0">
  <testcase name="a_signUp" time="0.023" classname="basictesting.Sample4"/>
</testsuite> <!-- basictesting.Sample4 -->
