<?xml version="1.0" encoding="UTF-8"?>
<!-- Generated by org.testng.reporters.JUnitReportReporter -->
<testsuite skipped="0" hostname="DESKTOP-M01B47M" name="javascriptexample.Example3" tests="1" failures="0" timestamp="20 Jan 2023 08:03:36 GMT" time="68.275" errors="0">
  <testcase name="testCase1" time="68.275" classname="javascriptexample.Example3"/>
</testsuite> <!-- javascriptexample.Example3 -->
