<?xml version="1.0" encoding="UTF-8"?>
<!-- Generated by org.testng.reporters.JUnitReportReporter -->
<testsuite skipped="0" hostname="DESKTOP-M01B47M" name="basictestng.AnnotationList" tests="2" failures="0" timestamp="12 Jan 2023 15:02:46 GMT" time="0.003" errors="0">
  <testcase name="f05" time="0.002" classname="basictestng.AnnotationList"/>
  <testcase name="f5" time="0.001" classname="basictestng.AnnotationList"/>
</testsuite> <!-- basictestng.AnnotationList -->
