<?xml version="1.0" encoding="UTF-8"?>
<!-- Generated by org.testng.reporters.JUnitReportReporter -->
<testsuite skipped="0" hostname="DESKTOP-M01B47M" name="advancetestng.IncludeAndExcludeTestMethods" tests="2" failures="0" timestamp="12 Jan 2023 18:13:01 GMT" time="0.016" errors="0">
  <testcase name="addDepartmentTestCase" time="0.000" classname="advancetestng.IncludeAndExcludeTestMethods"/>
  <testcase name="addLocationTestCase" time="0.016" classname="advancetestng.IncludeAndExcludeTestMethods"/>
</testsuite> <!-- advancetestng.IncludeAndExcludeTestMethods -->
