<?xml version="1.0" encoding="UTF-8"?>
<!-- Generated by org.testng.reporters.JUnitReportReporter -->
<testsuite skipped="0" hostname="DESKTOP-M01B47M" name="basictesting.Example1" tests="2" failures="0" timestamp="02 Jan 2023 17:14:03 GMT" time="0.053" errors="0">
  <testcase name="testCase2" time="0.016" classname="basictesting.Example1"/>
  <testcase name="testCase1" time="0.037" classname="basictesting.Example1"/>
</testsuite> <!-- basictesting.Example1 -->
