<?xml version="1.0" encoding="UTF-8"?>
<!-- Generated by org.testng.reporters.JUnitReportReporter -->
<testsuite skipped="0" hostname="DESKTOP-M01B47M" name="basictestng.Actitime_TimeOut" tests="1" failures="0" timestamp="12 Jan 2023 15:02:46 GMT" time="0.194" errors="0">
  <testcase name="OpenBrowserAndAppUrl" time="0.194" classname="basictestng.Actitime_TimeOut"/>
</testsuite> <!-- basictestng.Actitime_TimeOut -->
