<?xml version="1.0" encoding="UTF-8"?>
<!-- Generated by org.testng.reporters.JUnitReportReporter -->
<testsuite skipped="0" hostname="DESKTOP-M01B47M" name="datadriventesting.ExcelUpdate" tests="2" failures="0" timestamp="13 Jan 2023 09:19:12 GMT" time="5.353" errors="0">
  <testcase name="updateCellDetails" time="3.593" classname="datadriventesting.ExcelUpdate"/>
  <testcase name="updateSheetDetails" time="1.760" classname="datadriventesting.ExcelUpdate"/>
</testsuite> <!-- datadriventesting.ExcelUpdate -->
