<?xml version="1.0" encoding="UTF-8"?>
<!-- Generated by org.testng.reporters.JUnitReportReporter -->
<testsuite skipped="0" hostname="DESKTOP-M01B47M" name="basictestng.Actitime_InvocationCount" tests="5" failures="0" timestamp="12 Jan 2023 15:02:46 GMT" time="0.002" errors="0">
  <testcase name="OpenBrowserAndAppUrl" time="0.000" classname="basictestng.Actitime_InvocationCount"/>
  <testcase name="OpenBrowserAndAppUrl" time="0.000" classname="basictestng.Actitime_InvocationCount"/>
  <testcase name="OpenBrowserAndAppUrl" time="0.000" classname="basictestng.Actitime_InvocationCount"/>
  <testcase name="OpenBrowserAndAppUrl" time="0.002" classname="basictestng.Actitime_InvocationCount"/>
  <testcase name="OpenBrowserAndAppUrl" time="0.000" classname="basictestng.Actitime_InvocationCount"/>
</testsuite> <!-- basictestng.Actitime_InvocationCount -->
