<?xml version="1.0" encoding="UTF-8"?>
<!-- Generated by org.testng.reporters.JUnitReportReporter -->
<testsuite skipped="0" hostname="DESKTOP-M01B47M" name="basictestng.Sample3" tests="3" failures="0" timestamp="12 Jan 2023 15:02:46 GMT" time="0.015" errors="0">
  <testcase name="compose" time="0.015" classname="basictestng.Sample3"/>
  <testcase name="signUp" time="0.000" classname="basictestng.Sample3"/>
  <testcase name="login" time="0.000" classname="basictestng.Sample3"/>
</testsuite> <!-- basictestng.Sample3 -->
