<?xml version="1.0" encoding="UTF-8"?>
<!-- Generated by org.testng.reporters.JUnitReportReporter -->
<testsuite skipped="0" hostname="DESKTOP-M01B47M" name="basictestng.Example1" tests="2" failures="0" timestamp="12 Jan 2023 15:02:45 GMT" time="0.000" errors="0">
  <testcase name="testCase1" time="0.000" classname="basictestng.Example1"/>
  <testcase name="testCase2" time="0.000" classname="basictestng.Example1"/>
</testsuite> <!-- basictestng.Example1 -->
