<?xml version="1.0" encoding="UTF-8"?>
<!-- Generated by org.testng.reporters.JUnitReportReporter -->
<testsuite skipped="0" hostname="DESKTOP-M01B47M" name="advancetestng.GroupExample" tests="2" failures="0" timestamp="12 Jan 2023 18:12:09 GMT" time="0.015" errors="0">
  <testcase name="testCaseThree" time="0.000" classname="advancetestng.GroupExample"/>
  <testcase name="testCaseFive" time="0.015" classname="advancetestng.GroupExample"/>
</testsuite> <!-- advancetestng.GroupExample -->
