<?xml version="1.0" encoding="UTF-8"?>
<!-- Generated by org.testng.reporters.JUnitReportReporter -->
<testsuite skipped="0" hostname="DESKTOP-M01B47M" name="basictesting.VtigerApplicationWithBeforeAfter" tests="2" failures="0" timestamp="04 Jan 2023 16:25:48 GMT" time="23.252" errors="0">
  <testcase name="testReportPage" time="10.655" classname="basictesting.VtigerApplicationWithBeforeAfter"/>
  <testcase name="testVtigerHomepage" time="12.597" classname="basictesting.VtigerApplicationWithBeforeAfter"/>
</testsuite> <!-- basictesting.VtigerApplicationWithBeforeAfter -->
