<?xml version="1.0" encoding="UTF-8"?>
<!-- Generated by org.testng.reporters.JUnitReportReporter -->
<testsuite skipped="0" hostname="DESKTOP-M01B47M" name="basictesting.Actitime_InvocationCount" tests="5" failures="0" timestamp="03 Jan 2023 15:32:28 GMT" time="0.021" errors="0">
  <testcase name="OpenBrowserAndAppUrl" time="0.003" classname="basictesting.Actitime_InvocationCount"/>
  <testcase name="OpenBrowserAndAppUrl" time="0.002" classname="basictesting.Actitime_InvocationCount"/>
  <testcase name="OpenBrowserAndAppUrl" time="0.012" classname="basictesting.Actitime_InvocationCount"/>
  <testcase name="OpenBrowserAndAppUrl" time="0.002" classname="basictesting.Actitime_InvocationCount"/>
  <testcase name="OpenBrowserAndAppUrl" time="0.002" classname="basictesting.Actitime_InvocationCount"/>
</testsuite> <!-- basictesting.Actitime_InvocationCount -->
